<?xml version="1.0" encoding="UTF-8"?>
<!-- Generated by org.testng.reporters.JUnitReportReporter -->
<testsuite hostname="DESKTOP-QVDO63C" failures="0" tests="1" name="com.goibibo.testscript.Home" time="10.200" errors="0" timestamp="2021-12-28T01:33:51 IST" skipped="0">
  <testcase classname="com.goibibo.testscript.Home" name="homepage" time="10.200"/>
  <system-out>
    <![CDATA[child dropdown is enabled and pass
4 Nights]]>
  </system-out>
</testsuite> <!-- com.goibibo.testscript.Home -->
